c:\users\enzo\desktop\juego final de mi\hito2\debug\vc120.pdb
c:\users\enzo\desktop\juego final de mi\hito2\debug\pokeparada.obj
c:\users\enzo\desktop\juego final de mi\hito2\debug\pokemones.obj
c:\users\enzo\desktop\juego final de mi\hito2\debug\personaje.obj
c:\users\enzo\desktop\juego final de mi\hito2\debug\myform2.obj
c:\users\enzo\desktop\juego final de mi\hito2\debug\myform1.obj
c:\users\enzo\desktop\juego final de mi\hito2\debug\mochila.obj
c:\users\enzo\desktop\juego final de mi\hito2\debug\capturarpokemon.obj
c:\users\enzo\desktop\juego final de mi\hito2\debug\batallapokemon.obj
c:\users\enzo\desktop\juego final de mi\hito2\debug\bala.obj
c:\users\enzo\desktop\juego final de mi\hito2\debug\arrpokemones.obj
c:\users\enzo\desktop\juego final de mi\hito2\debug\arrbalas.obj
c:\users\enzo\desktop\juego final de mi\hito2\debug\myform.obj
c:\users\enzo\desktop\juego final de mi\hito2\debug\.netframework,version=v4.5.assemblyattributes.obj
c:\users\enzo\desktop\juego final de mi\hito2\debug\extra1.obj
c:\users\enzo\desktop\juego final de mi\hito2\debug\hito2.mochila.resources
c:\users\enzo\desktop\juego final de mi\hito2\debug\hito2.myform.resources
c:\users\enzo\desktop\juego final de mi\hito2\debug\hito2.myform1.resources
c:\users\enzo\desktop\juego final de mi\hito2\debug\hito2.myform2.resources
c:\users\enzo\desktop\juego final de mi\hito2\debug\hito2.pokeparada.resources
c:\users\enzo\desktop\juego final de mi\hito2\debug\hito2.extra1.resources
c:\users\enzo\desktop\juego final de mi\debug\hito2.exe
c:\users\enzo\desktop\juego final de mi\debug\hito2.pdb
c:\users\enzo\desktop\juego final de mi\hito2\debug\hito2.vcxproj.generateresource.cache
c:\users\enzo\desktop\juego final de mi\hito2\debug\hito2.vcxprojresolveassemblyreference.cache
c:\users\enzo\desktop\juego final de mi\hito2\debug\hito2.tlog\cl.command.1.tlog
c:\users\enzo\desktop\juego final de mi\hito2\debug\hito2.tlog\cl.read.1.tlog
c:\users\enzo\desktop\juego final de mi\hito2\debug\hito2.tlog\cl.write.1.tlog
c:\users\enzo\desktop\juego final de mi\hito2\debug\hito2.tlog\hito2.write.1u.tlog
c:\users\enzo\desktop\juego final de mi\hito2\debug\hito2.tlog\link.command.1.tlog
c:\users\enzo\desktop\juego final de mi\hito2\debug\hito2.tlog\link.read.1.tlog
c:\users\enzo\desktop\juego final de mi\hito2\debug\hito2.tlog\link.write.1.tlog
c:\users\enzo\desktop\juego final de mi\hito2\debug\hito2.tlog\metagen.read.1.tlog
c:\users\enzo\desktop\juego final de mi\hito2\debug\hito2.tlog\metagen.write.1.tlog
c:\users\enzo\desktop\juego final de mi\hito2\debug\hito2.tlog\tzres.dll.bi
